nohup: ignoring input
ATTENTION: start from https://www.imdb.com/search/title/?genres=short&after=WzExNzY0MDYsInR0MTM1Mzk4NSIsNDAzMzUxXQ%3D%3D&explore=genres&ref_=adv_nxt
SUCCESS: scrape https://www.imdb.com/search/title/?genres=short&after=WzExNzY0MDYsInR0MTM1Mzk4NSIsNDAzMzUxXQ%3D%3D&explore=genres&ref_=adv_nxt
SUCCESS: scrape https://www.imdb.com/search/title/?genres=short&after=WzExNzY0OTAsInR0MjAzNDc1NCIsNDAzNDAxXQ%3D%3D&explore=genres&ref_=adv_nxt
SUCCESS: scrape https://www.imdb.com/search/title/?genres=short&after=WzExNzY1NzYsInR0MTc1NDI5NCIsNDAzNDUxXQ%3D%3D&explore=genres&ref_=adv_nxt
SUCCESS: scrape https://www.imdb.com/search/title/?genres=short&after=WzExNzY2NTQsInR0MDAwNzU0MiIsNDAzNTAxXQ%3D%3D&explore=genres&ref_=adv_nxt
SUCCESS: scrape https://www.imdb.com/search/title/?genres=short&after=WzExNzY3NDAsInR0MTAzOTk5MSIsNDAzNTUxXQ%3D%3D&explore=genres&ref_=adv_nxt
SUCCESS: scrape https://www.imdb.com/search/title/?genres=short&after=WzExNzY4MjMsInR0MzMxOTc2NiIsNDAzNjAxXQ%3D%3D&explore=genres&ref_=adv_nxt
SUCCESS: scrape https://www.imdb.com/search/title/?genres=short&after=WzExNzY5MTYsInR0MDM2OTk2NyIsNDAzNjUxXQ%3D%3D&explore=genres&ref_=adv_nxt
SUCCESS: scrape https://www.imdb.com/search/title/?genres=short&after=WzExNzY5OTYsInR0MjgwNzM3OCIsNDAzNzAxXQ%3D%3D&explore=genres&ref_=adv_nxt
SUCCESS: scrape https://www.imdb.com/search/title/?genres=short&after=WzExNzcwNjksInR0MTE2NjE5ODQiLDQwMzc1MV0%3D&explore=genres&ref_=adv_nxt
SUCCESS: scrape https://www.imdb.com/search/title/?genres=short&after=WzExNzcxNTIsInR0MTQ2NDMyMCIsNDAzODAxXQ%3D%3D&explore=genres&ref_=adv_nxt
SUCCESS: scrape https://www.imdb.com/search/title/?genres=short&after=WzExNzcyNDgsInR0OTExMDk0OCIsNDAzODUxXQ%3D%3D&explore=genres&ref_=adv_nxt
SUCCESS: scrape https://www.imdb.com/search/title/?genres=short&after=WzExNzczMjUsInR0ODY5MzU3OCIsNDAzOTAxXQ%3D%3D&explore=genres&ref_=adv_nxt
SUCCESS: scrape https://www.imdb.com/search/title/?genres=short&after=WzExNzc0MDEsInR0MTIxODMyNDQiLDQwMzk1MV0%3D&explore=genres&ref_=adv_nxt
SUCCESS: scrape https://www.imdb.com/search/title/?genres=short&after=WzExNzc0ODcsInR0MDM2NTIzNyIsNDA0MDAxXQ%3D%3D&explore=genres&ref_=adv_nxt
SUCCESS: scrape https://www.imdb.com/search/title/?genres=short&after=WzExNzc1NjksInR0MDMwOTA0MyIsNDA0MDUxXQ%3D%3D&explore=genres&ref_=adv_nxt
SUCCESS: scrape https://www.imdb.com/search/title/?genres=short&after=WzExNzc2NDcsInR0OTIwNzI2MiIsNDA0MTAxXQ%3D%3D&explore=genres&ref_=adv_nxt
SUCCESS: scrape https://www.imdb.com/search/title/?genres=short&after=WzExNzc3MjksInR0OTUyOTQzNCIsNDA0MTUxXQ%3D%3D&explore=genres&ref_=adv_nxt
SUCCESS: scrape https://www.imdb.com/search/title/?genres=short&after=WzExNzc4MTMsInR0OTE2NDU2MiIsNDA0MjAxXQ%3D%3D&explore=genres&ref_=adv_nxt
SUCCESS: scrape https://www.imdb.com/search/title/?genres=short&after=WzExNzc5MDAsInR0MjQ5NjczMiIsNDA0MjUxXQ%3D%3D&explore=genres&ref_=adv_nxt
SUCCESS: scrape https://www.imdb.com/search/title/?genres=short&after=WzExNzc5ODYsInR0MDM1MTQwNSIsNDA0MzAxXQ%3D%3D&explore=genres&ref_=adv_nxt
SUCCESS: scrape https://www.imdb.com/search/title/?genres=short&after=WzExNzgwNjEsInR0OTAwODg0MCIsNDA0MzUxXQ%3D%3D&explore=genres&ref_=adv_nxt
SUCCESS: scrape https://www.imdb.com/search/title/?genres=short&after=WzExNzgxNTMsInR0MTY5Nzg4NCIsNDA0NDAxXQ%3D%3D&explore=genres&ref_=adv_nxt
SUCCESS: scrape https://www.imdb.com/search/title/?genres=short&after=WzExNzgyMzIsInR0MTAwNzk2NyIsNDA0NDUxXQ%3D%3D&explore=genres&ref_=adv_nxt
SUCCESS: scrape https://www.imdb.com/search/title/?genres=short&after=WzExNzgzMjIsInR0MTA3OTc3MjAiLDQwNDUwMV0%3D&explore=genres&ref_=adv_nxt
SUCCESS: scrape https://www.imdb.com/search/title/?genres=short&after=WzExNzg0MTEsInR0MDQ5NTk1MSIsNDA0NTUxXQ%3D%3D&explore=genres&ref_=adv_nxt
SUCCESS: scrape https://www.imdb.com/search/title/?genres=short&after=WzExNzg0ODgsInR0MzE1MjA2MiIsNDA0NjAxXQ%3D%3D&explore=genres&ref_=adv_nxt
SUCCESS: scrape https://www.imdb.com/search/title/?genres=short&after=WzExNzg1NjksInR0MTA0NzcxOTYiLDQwNDY1MV0%3D&explore=genres&ref_=adv_nxt
SUCCESS: scrape https://www.imdb.com/search/title/?genres=short&after=WzExNzg2NTYsInR0MTE0MTk4NzgiLDQwNDcwMV0%3D&explore=genres&ref_=adv_nxt
SUCCESS: scrape https://www.imdb.com/search/title/?genres=short&after=WzExNzg3MjYsInR0Mjk5MTc5MiIsNDA0NzUxXQ%3D%3D&explore=genres&ref_=adv_nxt
SUCCESS: scrape https://www.imdb.com/search/title/?genres=short&after=WzExNzg4MTIsInR0MTAwOTc0MjYiLDQwNDgwMV0%3D&explore=genres&ref_=adv_nxt
SUCCESS: scrape https://www.imdb.com/search/title/?genres=short&after=WzExNzg4OTMsInR0MTExOTA3NzAiLDQwNDg1MV0%3D&explore=genres&ref_=adv_nxt
SUCCESS: scrape https://www.imdb.com/search/title/?genres=short&after=WzExNzg5NjcsInR0NDEzODQ5OCIsNDA0OTAxXQ%3D%3D&explore=genres&ref_=adv_nxt
SUCCESS: scrape https://www.imdb.com/search/title/?genres=short&after=WzExNzkwMzgsInR0MzI4NjEyNiIsNDA0OTUxXQ%3D%3D&explore=genres&ref_=adv_nxt
SUCCESS: scrape https://www.imdb.com/search/title/?genres=short&after=WzExNzkxMTAsInR0MTU0NDU2OSIsNDA1MDAxXQ%3D%3D&explore=genres&ref_=adv_nxt
SUCCESS: scrape https://www.imdb.com/search/title/?genres=short&after=WzExNzkxOTksInR0OTcwODQ3MiIsNDA1MDUxXQ%3D%3D&explore=genres&ref_=adv_nxt
SUCCESS: scrape https://www.imdb.com/search/title/?genres=short&after=WzExNzkyOTAsInR0MTE3NjI3MDAiLDQwNTEwMV0%3D&explore=genres&ref_=adv_nxt
SUCCESS: scrape https://www.imdb.com/search/title/?genres=short&after=WzExNzkzODYsInR0OTM4MjcwNiIsNDA1MTUxXQ%3D%3D&explore=genres&ref_=adv_nxt
SUCCESS: scrape https://www.imdb.com/search/title/?genres=short&after=WzExNzk0NjgsInR0MjE1Mzk0OSIsNDA1MjAxXQ%3D%3D&explore=genres&ref_=adv_nxt
SUCCESS: scrape https://www.imdb.com/search/title/?genres=short&after=WzExNzk1NTUsInR0MDM0ODU3NSIsNDA1MjUxXQ%3D%3D&explore=genres&ref_=adv_nxt
SUCCESS: scrape https://www.imdb.com/search/title/?genres=short&after=WzExNzk2MzQsInR0MTA4MzM1NTgiLDQwNTMwMV0%3D&explore=genres&ref_=adv_nxt
SUCCESS: scrape https://www.imdb.com/search/title/?genres=short&after=WzExNzk3MTMsInR0MTUzODk1MSIsNDA1MzUxXQ%3D%3D&explore=genres&ref_=adv_nxt
SUCCESS: scrape https://www.imdb.com/search/title/?genres=short&after=WzExNzk3OTUsInR0MDQ3NDkwMSIsNDA1NDAxXQ%3D%3D&explore=genres&ref_=adv_nxt
SUCCESS: scrape https://www.imdb.com/search/title/?genres=short&after=WzExNzk4NzAsInR0MjA0Mzk2NyIsNDA1NDUxXQ%3D%3D&explore=genres&ref_=adv_nxt
SUCCESS: scrape https://www.imdb.com/search/title/?genres=short&after=WzExNzk5NDgsInR0Nzc0MTQ0OCIsNDA1NTAxXQ%3D%3D&explore=genres&ref_=adv_nxt
SUCCESS: scrape https://www.imdb.com/search/title/?genres=short&after=WzExODAwNTksInR0NTc4OTcxNCIsNDA1NTUxXQ%3D%3D&explore=genres&ref_=adv_nxt
SUCCESS: scrape https://www.imdb.com/search/title/?genres=short&after=WzExODAxNDIsInR0MTg1MjAzNSIsNDA1NjAxXQ%3D%3D&explore=genres&ref_=adv_nxt
SUCCESS: scrape https://www.imdb.com/search/title/?genres=short&after=WzExODAyMjUsInR0ODA0NTQ0MCIsNDA1NjUxXQ%3D%3D&explore=genres&ref_=adv_nxt
SUCCESS: scrape https://www.imdb.com/search/title/?genres=short&after=WzExODAzMjIsInR0MTcxMjE4NiIsNDA1NzAxXQ%3D%3D&explore=genres&ref_=adv_nxt
SUCCESS: scrape https://www.imdb.com/search/title/?genres=short&after=WzExODAzOTMsInR0MTUyNTU2OSIsNDA1NzUxXQ%3D%3D&explore=genres&ref_=adv_nxt
SUCCESS: scrape https://www.imdb.com/search/title/?genres=short&after=WzExODA0NzUsInR0MDI4OTU5MCIsNDA1ODAxXQ%3D%3D&explore=genres&ref_=adv_nxt
SUCCESS: scrape https://www.imdb.com/search/title/?genres=short&after=WzExODA1NTMsInR0MDMxNzE4NCIsNDA1ODUxXQ%3D%3D&explore=genres&ref_=adv_nxt
SUCCESS: scrape https://www.imdb.com/search/title/?genres=short&after=WzExODA2MjEsInR0MDc1NjcwMSIsNDA1OTAxXQ%3D%3D&explore=genres&ref_=adv_nxt
SUCCESS: scrape https://www.imdb.com/search/title/?genres=short&after=WzExODA2OTMsInR0MjA3MDgxNyIsNDA1OTUxXQ%3D%3D&explore=genres&ref_=adv_nxt
SUCCESS: scrape https://www.imdb.com/search/title/?genres=short&after=WzExODA3NzEsInR0MDgzNjY4OSIsNDA2MDAxXQ%3D%3D&explore=genres&ref_=adv_nxt
SUCCESS: scrape https://www.imdb.com/search/title/?genres=short&after=WzExODA4NjAsInR0Nzk1NTI1MCIsNDA2MDUxXQ%3D%3D&explore=genres&ref_=adv_nxt
SUCCESS: scrape https://www.imdb.com/search/title/?genres=short&after=WzExODA5NTMsInR0MTc2NTgxNyIsNDA2MTAxXQ%3D%3D&explore=genres&ref_=adv_nxt
SUCCESS: scrape https://www.imdb.com/search/title/?genres=short&after=WzExODEwMzQsInR0MTQxOTQ2OCIsNDA2MTUxXQ%3D%3D&explore=genres&ref_=adv_nxt
SUCCESS: scrape https://www.imdb.com/search/title/?genres=short&after=WzExODExMTYsInR0MDIwNTI3NyIsNDA2MjAxXQ%3D%3D&explore=genres&ref_=adv_nxt
SUCCESS: scrape https://www.imdb.com/search/title/?genres=short&after=WzExODExOTksInR0MTgxOTcwMiIsNDA2MjUxXQ%3D%3D&explore=genres&ref_=adv_nxt
SUCCESS: scrape https://www.imdb.com/search/title/?genres=short&after=WzExODEyODEsInR0MzY4OTY4NCIsNDA2MzAxXQ%3D%3D&explore=genres&ref_=adv_nxt
SUCCESS: scrape https://www.imdb.com/search/title/?genres=short&after=WzExODEzNjEsInR0MjA5NjM1MiIsNDA2MzUxXQ%3D%3D&explore=genres&ref_=adv_nxt
SUCCESS: scrape https://www.imdb.com/search/title/?genres=short&after=WzExODE0MjMsInR0MzQxNjQwMCIsNDA2NDAxXQ%3D%3D&explore=genres&ref_=adv_nxt
SUCCESS: scrape https://www.imdb.com/search/title/?genres=short&after=WzExODE1MTAsInR0Mzc1MzM1NCIsNDA2NDUxXQ%3D%3D&explore=genres&ref_=adv_nxt
SUCCESS: scrape https://www.imdb.com/search/title/?genres=short&after=WzExODE1ODUsInR0MTA0OTE5MDYiLDQwNjUwMV0%3D&explore=genres&ref_=adv_nxt
SUCCESS: scrape https://www.imdb.com/search/title/?genres=short&after=WzExODE2NjAsInR0MzU3NTk4MiIsNDA2NTUxXQ%3D%3D&explore=genres&ref_=adv_nxt
SUCCESS: scrape https://www.imdb.com/search/title/?genres=short&after=WzExODE3MzMsInR0ODk4NTE4MiIsNDA2NjAxXQ%3D%3D&explore=genres&ref_=adv_nxt
SUCCESS: scrape https://www.imdb.com/search/title/?genres=short&after=WzExODE4MTgsInR0ODk1NDM1NCIsNDA2NjUxXQ%3D%3D&explore=genres&ref_=adv_nxt
SUCCESS: scrape https://www.imdb.com/search/title/?genres=short&after=WzExODE5MDEsInR0MDk3MDg5NyIsNDA2NzAxXQ%3D%3D&explore=genres&ref_=adv_nxt
SUCCESS: scrape https://www.imdb.com/search/title/?genres=short&after=WzExODE5NzksInR0MTc2MjM4NyIsNDA2NzUxXQ%3D%3D&explore=genres&ref_=adv_nxt
SUCCESS: scrape https://www.imdb.com/search/title/?genres=short&after=WzExODIwNTEsInR0MTAzNDExNjgiLDQwNjgwMV0%3D&explore=genres&ref_=adv_nxt
SUCCESS: scrape https://www.imdb.com/search/title/?genres=short&after=WzExODIxMjcsInR0MzA2MTE5MCIsNDA2ODUxXQ%3D%3D&explore=genres&ref_=adv_nxt
SUCCESS: scrape https://www.imdb.com/search/title/?genres=short&after=WzExODIyMDEsInR0MDgzMzk2NCIsNDA2OTAxXQ%3D%3D&explore=genres&ref_=adv_nxt
SUCCESS: scrape https://www.imdb.com/search/title/?genres=short&after=WzExODIyNjgsInR0MDkxODUzNiIsNDA2OTUxXQ%3D%3D&explore=genres&ref_=adv_nxt
SUCCESS: scrape https://www.imdb.com/search/title/?genres=short&after=WzExODIzNTYsInR0Mjc1MDE2NCIsNDA3MDAxXQ%3D%3D&explore=genres&ref_=adv_nxt
SUCCESS: scrape https://www.imdb.com/search/title/?genres=short&after=WzExODI0MzYsInR0MjAwNTIyMiIsNDA3MDUxXQ%3D%3D&explore=genres&ref_=adv_nxt
SUCCESS: scrape https://www.imdb.com/search/title/?genres=short&after=WzExODI1MjksInR0MDI4NTIxOSIsNDA3MTAxXQ%3D%3D&explore=genres&ref_=adv_nxt
SUCCESS: scrape https://www.imdb.com/search/title/?genres=short&after=WzExODI2MTQsInR0MTE1NjMzMTgiLDQwNzE1MV0%3D&explore=genres&ref_=adv_nxt
SUCCESS: scrape https://www.imdb.com/search/title/?genres=short&after=WzExODI2OTAsInR0MDIxNzMyNSIsNDA3MjAxXQ%3D%3D&explore=genres&ref_=adv_nxt
SUCCESS: scrape https://www.imdb.com/search/title/?genres=short&after=WzExODI3NzEsInR0OTYwMjM0MCIsNDA3MjUxXQ%3D%3D&explore=genres&ref_=adv_nxt
SUCCESS: scrape https://www.imdb.com/search/title/?genres=short&after=WzExODI4NjgsInR0ODM1ODAxNiIsNDA3MzAxXQ%3D%3D&explore=genres&ref_=adv_nxt
SUCCESS: scrape https://www.imdb.com/search/title/?genres=short&after=WzExODI5NTksInR0MDIzNDIwNCIsNDA3MzUxXQ%3D%3D&explore=genres&ref_=adv_nxt
SUCCESS: scrape https://www.imdb.com/search/title/?genres=short&after=WzExODMwNTcsInR0MjM5MTU0NCIsNDA3NDAxXQ%3D%3D&explore=genres&ref_=adv_nxt
SUCCESS: scrape https://www.imdb.com/search/title/?genres=short&after=WzExODMxMzQsInR0MTgyOTcwMyIsNDA3NDUxXQ%3D%3D&explore=genres&ref_=adv_nxt
SUCCESS: scrape https://www.imdb.com/search/title/?genres=short&after=WzExODMyMTEsInR0MDgwNjkyMyIsNDA3NTAxXQ%3D%3D&explore=genres&ref_=adv_nxt
SUCCESS: scrape https://www.imdb.com/search/title/?genres=short&after=WzExODMzMDUsInR0MTU2NDc4MyIsNDA3NTUxXQ%3D%3D&explore=genres&ref_=adv_nxt
SUCCESS: scrape https://www.imdb.com/search/title/?genres=short&after=WzExODMzOTIsInR0MTgxMzQ1MSIsNDA3NjAxXQ%3D%3D&explore=genres&ref_=adv_nxt
SUCCESS: scrape https://www.imdb.com/search/title/?genres=short&after=WzExODM0NjUsInR0MTkzMTQzNCIsNDA3NjUxXQ%3D%3D&explore=genres&ref_=adv_nxt
SUCCESS: scrape https://www.imdb.com/search/title/?genres=short&after=WzExODM1NDgsInR0MjgxMDQwNiIsNDA3NzAxXQ%3D%3D&explore=genres&ref_=adv_nxt
SUCCESS: scrape https://www.imdb.com/search/title/?genres=short&after=WzExODM2MzksInR0MjAyMjM3MyIsNDA3NzUxXQ%3D%3D&explore=genres&ref_=adv_nxt
SUCCESS: scrape https://www.imdb.com/search/title/?genres=short&after=WzExODM3MzMsInR0MTk3NTExMSIsNDA3ODAxXQ%3D%3D&explore=genres&ref_=adv_nxt
